Build started 17-04-2019 00:51:31.
     1>Project "C:\Users\SHREEKANTH B K\documents\visual studio 2010\Projects\thirsty\thirsty\thirsty.vcxproj" on node 2 (build target(s)).
     1>InitializeBuildStatus:
         Creating "Debug\thirsty.unsuccessfulbuild" because "AlwaysCreate" was specified.
       ClCompile:
         C:\Program Files (x86)\Microsoft Visual Studio 10.0\VC\bin\CL.exe /c /ZI /nologo /W3 /WX- /Od /Oy- /D WIN32 /D _DEBUG /D _CONSOLE /D _UNICODE /D UNICODE /Gm /EHsc /RTC1 /MDd /GS /fp:precise /Zc:wchar_t /Zc:forScope /Fo"Debug\\" /Fd"Debug\vc100.pdb" /Gd /TP /analyze- /errorReport:prompt crow.cpp
         crow.cpp
       ManifestResourceCompile:
         All outputs are up-to-date.
       Link:
         C:\Program Files (x86)\Microsoft Visual Studio 10.0\VC\bin\link.exe /ERRORREPORT:PROMPT /OUT:"C:\Users\SHREEKANTH B K\documents\visual studio 2010\Projects\thirsty\Debug\thirsty.exe" /INCREMENTAL /NOLOGO kernel32.lib user32.lib gdi32.lib winspool.lib comdlg32.lib advapi32.lib shell32.lib ole32.lib oleaut32.lib uuid.lib odbc32.lib odbccp32.lib /MANIFEST /ManifestFile:"Debug\thirsty.exe.intermediate.manifest" /MANIFESTUAC:"level='asInvoker' uiAccess='false'" /DEBUG /PDB:"C:\Users\SHREEKANTH B K\documents\visual studio 2010\Projects\thirsty\Debug\thirsty.pdb" /SUBSYSTEM:CONSOLE /TLBID:1 /DYNAMICBASE /NXCOMPAT /IMPLIB:"C:\Users\SHREEKANTH B K\documents\visual studio 2010\Projects\thirsty\Debug\thirsty.lib" /MACHINE:X86 Debug\thirsty.exe.embed.manifest.res
         Debug\crow.obj
       Manifest:
         C:\Program Files (x86)\Microsoft SDKs\Windows\v7.0A\bin\mt.exe /nologo /verbose /out:"Debug\thirsty.exe.embed.manifest" /manifest Debug\thirsty.exe.intermediate.manifest
         All outputs are up-to-date.
       LinkEmbedManifest:
         All outputs are up-to-date.
         thirsty.vcxproj -> C:\Users\SHREEKANTH B K\documents\visual studio 2010\Projects\thirsty\Debug\thirsty.exe
       FinalizeBuildStatus:
         Deleting file "Debug\thirsty.unsuccessfulbuild".
         Touching "Debug\thirsty.lastbuildstate".
     1>Done Building Project "C:\Users\SHREEKANTH B K\documents\visual studio 2010\Projects\thirsty\thirsty\thirsty.vcxproj" (build target(s)).

Build succeeded.

Time Elapsed 00:00:08.61
